2020-10-05 18:00:30.759  INFO 74601 --- [restartedMain] com.tgroup.PdsuElectricityApplication    : Starting PdsuElectricityApplication on yqf-CW65S with PID 74601 (/home/yqf/IdeaProjects/pdsu_electricity/target/classes started by yqf in /home/yqf/IdeaProjects/pdsu_electricity)
2020-10-05 18:00:30.802  INFO 74601 --- [restartedMain] com.tgroup.PdsuElectricityApplication    : No active profile set, falling back to default profiles: default
2020-10-05 18:00:30.973  INFO 74601 --- [restartedMain] .e.DevToolsPropertyDefaultsPostProcessor : Devtools property defaults active! Set 'spring.devtools.add-properties' to 'false' to disable
2020-10-05 18:00:30.975  INFO 74601 --- [restartedMain] .e.DevToolsPropertyDefaultsPostProcessor : For additional web related logging consider setting the 'logging.level.web' property to 'DEBUG'
2020-10-05 18:00:35.249  INFO 74601 --- [restartedMain] o.s.b.w.embedded.tomcat.TomcatWebServer  : Tomcat initialized with port(s): 8083 (http)
2020-10-05 18:00:35.284  INFO 74601 --- [restartedMain] o.apache.catalina.core.StandardService   : Starting service [Tomcat]
2020-10-05 18:00:35.284  INFO 74601 --- [restartedMain] org.apache.catalina.core.StandardEngine  : Starting Servlet engine: [Apache Tomcat/9.0.35]
2020-10-05 18:00:35.478  INFO 74601 --- [restartedMain] o.a.c.c.C.[Tomcat].[localhost].[/]       : Initializing Spring embedded WebApplicationContext
2020-10-05 18:00:35.479  INFO 74601 --- [restartedMain] o.s.web.context.ContextLoader            : Root WebApplicationContext: initialization completed in 4503 ms
2020-10-05 18:00:37.050  WARN 74601 --- [restartedMain] ion$DefaultTemplateResolverConfiguration : Cannot find template location: classpath:/templates/ (please add some templates or check your Thymeleaf configuration)
2020-10-05 18:00:37.109  WARN 74601 --- [restartedMain] o.s.b.d.a.OptionalLiveReloadServer       : Unable to start LiveReload server
2020-10-05 18:00:37.143  WARN 74601 --- [restartedMain] ConfigServletWebServerApplicationContext : Exception encountered during context initialization - cancelling refresh attempt: org.springframework.context.ApplicationContextException: Failed to start bean 'webServerStartStop'; nested exception is org.springframework.boot.web.server.WebServerException: Unable to start embedded Tomcat server
2020-10-05 18:00:37.145  INFO 74601 --- [restartedMain] com.alibaba.druid.pool.DruidDataSource   : {dataSource-0} closing ...
2020-10-05 18:00:37.149  INFO 74601 --- [restartedMain] o.apache.catalina.core.StandardService   : Stopping service [Tomcat]
2020-10-05 18:00:37.181  INFO 74601 --- [restartedMain] ConditionEvaluationReportLoggingListener : 

Error starting ApplicationContext. To display the conditions report re-run your application with 'debug' enabled.
2020-10-05 18:00:37.194 ERROR 74601 --- [restartedMain] o.s.boot.SpringApplication               : Application run failed

org.springframework.context.ApplicationContextException: Failed to start bean 'webServerStartStop'; nested exception is org.springframework.boot.web.server.WebServerException: Unable to start embedded Tomcat server
	at org.springframework.context.support.DefaultLifecycleProcessor.doStart(DefaultLifecycleProcessor.java:185) ~[spring-context-5.2.6.RELEASE.jar:5.2.6.RELEASE]
	at org.springframework.context.support.DefaultLifecycleProcessor.access$200(DefaultLifecycleProcessor.java:53) ~[spring-context-5.2.6.RELEASE.jar:5.2.6.RELEASE]
	at org.springframework.context.support.DefaultLifecycleProcessor$LifecycleGroup.start(DefaultLifecycleProcessor.java:360) ~[spring-context-5.2.6.RELEASE.jar:5.2.6.RELEASE]
	at org.springframework.context.support.DefaultLifecycleProcessor.startBeans(DefaultLifecycleProcessor.java:158) ~[spring-context-5.2.6.RELEASE.jar:5.2.6.RELEASE]
	at org.springframework.context.support.DefaultLifecycleProcessor.onRefresh(DefaultLifecycleProcessor.java:122) ~[spring-context-5.2.6.RELEASE.jar:5.2.6.RELEASE]
	at org.springframework.context.support.AbstractApplicationContext.finishRefresh(AbstractApplicationContext.java:894) ~[spring-context-5.2.6.RELEASE.jar:5.2.6.RELEASE]
	at org.springframework.context.support.AbstractApplicationContext.refresh(AbstractApplicationContext.java:553) ~[spring-context-5.2.6.RELEASE.jar:5.2.6.RELEASE]
	at org.springframework.boot.web.servlet.context.ServletWebServerApplicationContext.refresh(ServletWebServerApplicationContext.java:143) ~[spring-boot-2.3.0.RELEASE.jar:2.3.0.RELEASE]
	at org.springframework.boot.SpringApplication.refresh(SpringApplication.java:758) [spring-boot-2.3.0.RELEASE.jar:2.3.0.RELEASE]
	at org.springframework.boot.SpringApplication.refresh(SpringApplication.java:750) [spring-boot-2.3.0.RELEASE.jar:2.3.0.RELEASE]
	at org.springframework.boot.SpringApplication.refreshContext(SpringApplication.java:397) [spring-boot-2.3.0.RELEASE.jar:2.3.0.RELEASE]
	at org.springframework.boot.SpringApplication.run(SpringApplication.java:315) [spring-boot-2.3.0.RELEASE.jar:2.3.0.RELEASE]
	at org.springframework.boot.SpringApplication.run(SpringApplication.java:1237) [spring-boot-2.3.0.RELEASE.jar:2.3.0.RELEASE]
	at org.springframework.boot.SpringApplication.run(SpringApplication.java:1226) [spring-boot-2.3.0.RELEASE.jar:2.3.0.RELEASE]
	at com.tgroup.PdsuElectricityApplication.main(PdsuElectricityApplication.java:25) [classes/:na]
	at sun.reflect.NativeMethodAccessorImpl.invoke0(Native Method) ~[na:1.8.0_241]
	at sun.reflect.NativeMethodAccessorImpl.invoke(NativeMethodAccessorImpl.java:62) ~[na:1.8.0_241]
	at sun.reflect.DelegatingMethodAccessorImpl.invoke(DelegatingMethodAccessorImpl.java:43) ~[na:1.8.0_241]
	at java.lang.reflect.Method.invoke(Method.java:498) ~[na:1.8.0_241]
	at org.springframework.boot.devtools.restart.RestartLauncher.run(RestartLauncher.java:49) [spring-boot-devtools-2.3.0.RELEASE.jar:2.3.0.RELEASE]
Caused by: org.springframework.boot.web.server.WebServerException: Unable to start embedded Tomcat server
	at org.springframework.boot.web.embedded.tomcat.TomcatWebServer.start(TomcatWebServer.java:229) ~[spring-boot-2.3.0.RELEASE.jar:2.3.0.RELEASE]
	at org.springframework.boot.web.servlet.context.WebServerStartStopLifecycle.start(WebServerStartStopLifecycle.java:43) ~[spring-boot-2.3.0.RELEASE.jar:2.3.0.RELEASE]
	at org.springframework.context.support.DefaultLifecycleProcessor.doStart(DefaultLifecycleProcessor.java:182) ~[spring-context-5.2.6.RELEASE.jar:5.2.6.RELEASE]
	... 19 common frames omitted
Caused by: java.lang.IllegalArgumentException: standardService.connector.startFailed
	at org.apache.catalina.core.StandardService.addConnector(StandardService.java:231) ~[tomcat-embed-core-9.0.35.jar:9.0.35]
	at org.springframework.boot.web.embedded.tomcat.TomcatWebServer.addPreviouslyRemovedConnectors(TomcatWebServer.java:282) ~[spring-boot-2.3.0.RELEASE.jar:2.3.0.RELEASE]
	at org.springframework.boot.web.embedded.tomcat.TomcatWebServer.start(TomcatWebServer.java:213) ~[spring-boot-2.3.0.RELEASE.jar:2.3.0.RELEASE]
	... 21 common frames omitted
Caused by: org.apache.catalina.LifecycleException: Protocol handler start failed
	at org.apache.catalina.connector.Connector.startInternal(Connector.java:1058) ~[tomcat-embed-core-9.0.35.jar:9.0.35]
	at org.apache.catalina.util.LifecycleBase.start(LifecycleBase.java:183) ~[tomcat-embed-core-9.0.35.jar:9.0.35]
	at org.apache.catalina.core.StandardService.addConnector(StandardService.java:227) ~[tomcat-embed-core-9.0.35.jar:9.0.35]
	... 23 common frames omitted
Caused by: java.net.BindException: 地址已在使用
	at sun.nio.ch.Net.bind0(Native Method) ~[na:1.8.0_241]
	at sun.nio.ch.Net.bind(Net.java:433) ~[na:1.8.0_241]
	at sun.nio.ch.Net.bind(Net.java:425) ~[na:1.8.0_241]
	at sun.nio.ch.ServerSocketChannelImpl.bind(ServerSocketChannelImpl.java:223) ~[na:1.8.0_241]
	at sun.nio.ch.ServerSocketAdaptor.bind(ServerSocketAdaptor.java:74) ~[na:1.8.0_241]
	at org.apache.tomcat.util.net.NioEndpoint.initServerSocket(NioEndpoint.java:228) ~[tomcat-embed-core-9.0.35.jar:9.0.35]
	at org.apache.tomcat.util.net.NioEndpoint.bind(NioEndpoint.java:211) ~[tomcat-embed-core-9.0.35.jar:9.0.35]
	at org.apache.tomcat.util.net.AbstractEndpoint.bindWithCleanup(AbstractEndpoint.java:1141) ~[tomcat-embed-core-9.0.35.jar:9.0.35]
	at org.apache.tomcat.util.net.AbstractEndpoint.start(AbstractEndpoint.java:1227) ~[tomcat-embed-core-9.0.35.jar:9.0.35]
	at org.apache.coyote.AbstractProtocol.start(AbstractProtocol.java:592) ~[tomcat-embed-core-9.0.35.jar:9.0.35]
	at org.apache.catalina.connector.Connector.startInternal(Connector.java:1055) ~[tomcat-embed-core-9.0.35.jar:9.0.35]
	... 25 common frames omitted

2020-10-05 18:01:06.198  INFO 75012 --- [restartedMain] com.tgroup.PdsuElectricityApplication    : Starting PdsuElectricityApplication on yqf-CW65S with PID 75012 (/home/yqf/IdeaProjects/pdsu_electricity/target/classes started by yqf in /home/yqf/IdeaProjects/pdsu_electricity)
2020-10-05 18:01:06.204  INFO 75012 --- [restartedMain] com.tgroup.PdsuElectricityApplication    : No active profile set, falling back to default profiles: default
2020-10-05 18:01:06.431  INFO 75012 --- [restartedMain] .e.DevToolsPropertyDefaultsPostProcessor : Devtools property defaults active! Set 'spring.devtools.add-properties' to 'false' to disable
2020-10-05 18:01:06.431  INFO 75012 --- [restartedMain] .e.DevToolsPropertyDefaultsPostProcessor : For additional web related logging consider setting the 'logging.level.web' property to 'DEBUG'
2020-10-05 18:01:08.105  INFO 75012 --- [restartedMain] o.s.b.w.embedded.tomcat.TomcatWebServer  : Tomcat initialized with port(s): 8083 (http)
2020-10-05 18:01:08.111  INFO 75012 --- [restartedMain] o.apache.catalina.core.StandardService   : Starting service [Tomcat]
2020-10-05 18:01:08.111  INFO 75012 --- [restartedMain] org.apache.catalina.core.StandardEngine  : Starting Servlet engine: [Apache Tomcat/9.0.35]
2020-10-05 18:01:08.160  INFO 75012 --- [restartedMain] o.a.c.c.C.[Tomcat].[localhost].[/]       : Initializing Spring embedded WebApplicationContext
2020-10-05 18:01:08.160  INFO 75012 --- [restartedMain] o.s.web.context.ContextLoader            : Root WebApplicationContext: initialization completed in 1728 ms
2020-10-05 18:01:08.770  WARN 75012 --- [restartedMain] ion$DefaultTemplateResolverConfiguration : Cannot find template location: classpath:/templates/ (please add some templates or check your Thymeleaf configuration)
2020-10-05 18:01:08.800  WARN 75012 --- [restartedMain] o.s.b.d.a.OptionalLiveReloadServer       : Unable to start LiveReload server
2020-10-05 18:01:08.821  WARN 75012 --- [restartedMain] ConfigServletWebServerApplicationContext : Exception encountered during context initialization - cancelling refresh attempt: org.springframework.context.ApplicationContextException: Failed to start bean 'webServerStartStop'; nested exception is org.springframework.boot.web.server.WebServerException: Unable to start embedded Tomcat server
2020-10-05 18:01:08.823  INFO 75012 --- [restartedMain] com.alibaba.druid.pool.DruidDataSource   : {dataSource-0} closing ...
2020-10-05 18:01:08.825  INFO 75012 --- [restartedMain] o.apache.catalina.core.StandardService   : Stopping service [Tomcat]
2020-10-05 18:01:08.839  INFO 75012 --- [restartedMain] ConditionEvaluationReportLoggingListener : 

Error starting ApplicationContext. To display the conditions report re-run your application with 'debug' enabled.
2020-10-05 18:01:08.845 ERROR 75012 --- [restartedMain] o.s.boot.SpringApplication               : Application run failed

org.springframework.context.ApplicationContextException: Failed to start bean 'webServerStartStop'; nested exception is org.springframework.boot.web.server.WebServerException: Unable to start embedded Tomcat server
	at org.springframework.context.support.DefaultLifecycleProcessor.doStart(DefaultLifecycleProcessor.java:185) ~[spring-context-5.2.6.RELEASE.jar:5.2.6.RELEASE]
	at org.springframework.context.support.DefaultLifecycleProcessor.access$200(DefaultLifecycleProcessor.java:53) ~[spring-context-5.2.6.RELEASE.jar:5.2.6.RELEASE]
	at org.springframework.context.support.DefaultLifecycleProcessor$LifecycleGroup.start(DefaultLifecycleProcessor.java:360) ~[spring-context-5.2.6.RELEASE.jar:5.2.6.RELEASE]
	at org.springframework.context.support.DefaultLifecycleProcessor.startBeans(DefaultLifecycleProcessor.java:158) ~[spring-context-5.2.6.RELEASE.jar:5.2.6.RELEASE]
	at org.springframework.context.support.DefaultLifecycleProcessor.onRefresh(DefaultLifecycleProcessor.java:122) ~[spring-context-5.2.6.RELEASE.jar:5.2.6.RELEASE]
	at org.springframework.context.support.AbstractApplicationContext.finishRefresh(AbstractApplicationContext.java:894) ~[spring-context-5.2.6.RELEASE.jar:5.2.6.RELEASE]
	at org.springframework.context.support.AbstractApplicationContext.refresh(AbstractApplicationContext.java:553) ~[spring-context-5.2.6.RELEASE.jar:5.2.6.RELEASE]
	at org.springframework.boot.web.servlet.context.ServletWebServerApplicationContext.refresh(ServletWebServerApplicationContext.java:143) ~[spring-boot-2.3.0.RELEASE.jar:2.3.0.RELEASE]
	at org.springframework.boot.SpringApplication.refresh(SpringApplication.java:758) [spring-boot-2.3.0.RELEASE.jar:2.3.0.RELEASE]
	at org.springframework.boot.SpringApplication.refresh(SpringApplication.java:750) [spring-boot-2.3.0.RELEASE.jar:2.3.0.RELEASE]
	at org.springframework.boot.SpringApplication.refreshContext(SpringApplication.java:397) [spring-boot-2.3.0.RELEASE.jar:2.3.0.RELEASE]
	at org.springframework.boot.SpringApplication.run(SpringApplication.java:315) [spring-boot-2.3.0.RELEASE.jar:2.3.0.RELEASE]
	at org.springframework.boot.SpringApplication.run(SpringApplication.java:1237) [spring-boot-2.3.0.RELEASE.jar:2.3.0.RELEASE]
	at org.springframework.boot.SpringApplication.run(SpringApplication.java:1226) [spring-boot-2.3.0.RELEASE.jar:2.3.0.RELEASE]
	at com.tgroup.PdsuElectricityApplication.main(PdsuElectricityApplication.java:25) [classes/:na]
	at sun.reflect.NativeMethodAccessorImpl.invoke0(Native Method) ~[na:1.8.0_241]
	at sun.reflect.NativeMethodAccessorImpl.invoke(NativeMethodAccessorImpl.java:62) ~[na:1.8.0_241]
	at sun.reflect.DelegatingMethodAccessorImpl.invoke(DelegatingMethodAccessorImpl.java:43) ~[na:1.8.0_241]
	at java.lang.reflect.Method.invoke(Method.java:498) ~[na:1.8.0_241]
	at org.springframework.boot.devtools.restart.RestartLauncher.run(RestartLauncher.java:49) [spring-boot-devtools-2.3.0.RELEASE.jar:2.3.0.RELEASE]
Caused by: org.springframework.boot.web.server.WebServerException: Unable to start embedded Tomcat server
	at org.springframework.boot.web.embedded.tomcat.TomcatWebServer.start(TomcatWebServer.java:229) ~[spring-boot-2.3.0.RELEASE.jar:2.3.0.RELEASE]
	at org.springframework.boot.web.servlet.context.WebServerStartStopLifecycle.start(WebServerStartStopLifecycle.java:43) ~[spring-boot-2.3.0.RELEASE.jar:2.3.0.RELEASE]
	at org.springframework.context.support.DefaultLifecycleProcessor.doStart(DefaultLifecycleProcessor.java:182) ~[spring-context-5.2.6.RELEASE.jar:5.2.6.RELEASE]
	... 19 common frames omitted
Caused by: java.lang.IllegalArgumentException: standardService.connector.startFailed
	at org.apache.catalina.core.StandardService.addConnector(StandardService.java:231) ~[tomcat-embed-core-9.0.35.jar:9.0.35]
	at org.springframework.boot.web.embedded.tomcat.TomcatWebServer.addPreviouslyRemovedConnectors(TomcatWebServer.java:282) ~[spring-boot-2.3.0.RELEASE.jar:2.3.0.RELEASE]
	at org.springframework.boot.web.embedded.tomcat.TomcatWebServer.start(TomcatWebServer.java:213) ~[spring-boot-2.3.0.RELEASE.jar:2.3.0.RELEASE]
	... 21 common frames omitted
Caused by: org.apache.catalina.LifecycleException: Protocol handler start failed
	at org.apache.catalina.connector.Connector.startInternal(Connector.java:1058) ~[tomcat-embed-core-9.0.35.jar:9.0.35]
	at org.apache.catalina.util.LifecycleBase.start(LifecycleBase.java:183) ~[tomcat-embed-core-9.0.35.jar:9.0.35]
	at org.apache.catalina.core.StandardService.addConnector(StandardService.java:227) ~[tomcat-embed-core-9.0.35.jar:9.0.35]
	... 23 common frames omitted
Caused by: java.net.BindException: 地址已在使用
	at sun.nio.ch.Net.bind0(Native Method) ~[na:1.8.0_241]
	at sun.nio.ch.Net.bind(Net.java:433) ~[na:1.8.0_241]
	at sun.nio.ch.Net.bind(Net.java:425) ~[na:1.8.0_241]
	at sun.nio.ch.ServerSocketChannelImpl.bind(ServerSocketChannelImpl.java:223) ~[na:1.8.0_241]
	at sun.nio.ch.ServerSocketAdaptor.bind(ServerSocketAdaptor.java:74) ~[na:1.8.0_241]
	at org.apache.tomcat.util.net.NioEndpoint.initServerSocket(NioEndpoint.java:228) ~[tomcat-embed-core-9.0.35.jar:9.0.35]
	at org.apache.tomcat.util.net.NioEndpoint.bind(NioEndpoint.java:211) ~[tomcat-embed-core-9.0.35.jar:9.0.35]
	at org.apache.tomcat.util.net.AbstractEndpoint.bindWithCleanup(AbstractEndpoint.java:1141) ~[tomcat-embed-core-9.0.35.jar:9.0.35]
	at org.apache.tomcat.util.net.AbstractEndpoint.start(AbstractEndpoint.java:1227) ~[tomcat-embed-core-9.0.35.jar:9.0.35]
	at org.apache.coyote.AbstractProtocol.start(AbstractProtocol.java:592) ~[tomcat-embed-core-9.0.35.jar:9.0.35]
	at org.apache.catalina.connector.Connector.startInternal(Connector.java:1055) ~[tomcat-embed-core-9.0.35.jar:9.0.35]
	... 25 common frames omitted

